\BOOKMARK [0][-]{chapter.1}{Introduction}{}
\BOOKMARK [0][-]{chapter.2}{About}{}
\BOOKMARK [1][-]{section.2.1}{pgRouting}{chapter.2}
\BOOKMARK [1][-]{section.2.2}{OpenStreetMap}{chapter.2}
\BOOKMARK [1][-]{section.2.3}{osm2pgrouting}{chapter.2}
\BOOKMARK [1][-]{section.2.4}{GeoExt}{chapter.2}
\BOOKMARK [0][-]{chapter.3}{Installation and Requirements}{}
\BOOKMARK [1][-]{section.3.1}{Software}{chapter.3}
\BOOKMARK [1][-]{section.3.2}{Data}{chapter.3}
\BOOKMARK [1][-]{section.3.3}{Workshop}{chapter.3}
\BOOKMARK [0][-]{chapter.4}{osm2pgrouting Import Tool}{}
\BOOKMARK [1][-]{section.4.1}{Create pgRouting database}{chapter.4}
\BOOKMARK [1][-]{section.4.2}{Run osm2pgrouting}{chapter.4}
\BOOKMARK [0][-]{chapter.5}{Load road data and create a network topology}{}
\BOOKMARK [1][-]{section.5.1}{Load the network data}{chapter.5}
\BOOKMARK [1][-]{section.5.2}{Add indices}{chapter.5}
\BOOKMARK [0][-]{chapter.6}{Shortest Path Search}{}
\BOOKMARK [1][-]{section.6.1}{Dijkstra algorithm}{chapter.6}
\BOOKMARK [1][-]{section.6.2}{A-Star algorithm}{chapter.6}
\BOOKMARK [1][-]{section.6.3}{Shooting-Star algorithm}{chapter.6}
\BOOKMARK [0][-]{chapter.7}{Advanced usage of pgRouting \(bonus chapter\)}{}
\BOOKMARK [0][-]{chapter.8}{Server side script with PHP}{}
\BOOKMARK [0][-]{chapter.9}{GeoExt Browser Client}{}
